<?xml version="1.0" encoding="UTF-8"?>
<Site BuildName="(empty)"
	BuildStamp="20260502-1852-Experimental"
	Name="(empty)"
	Generator="ctest-4.3.2"
	CompilerName=""
	CompilerVersion=""
	OSName="Windows"
	Hostname="LAPTOP-HD8HO5CP"
	OSRelease="10.0.26200"
	OSVersion="Windows 10"
	OSPlatform="AMD64"
	Is64Bits="1"
	VendorString="GenuineIntel"
	VendorID="Intel Corporation"
	FamilyID="6"
	ModelID="10"
	ModelName=""
	ProcessorCacheSize="-1"
	NumberOfLogicalCPU="20"
	NumberOfPhysicalCPU="14"
	TotalVirtualMemory="1024"
	TotalPhysicalMemory="16011"
	LogicalProcessorsPerPhysical="1"
	ProcessorClockFrequency="2300.000000"
	>
	<Testing>
		<StartDateTime>May 02 22:33 [NON-UTF-8-BYTE-0xF9][NON-UTF-8-BYTE-0xF2][NON-UTF-8-BYTE-0xE5][NON-UTF-8-BYTE-0xEF] [NON-UTF-8-BYTE-0xF7][NON-UTF-8-BYTE-0xE9][NON-UTF-8-BYTE-0xF5] [NON-UTF-8-BYTE-0xE9][NON-UTF-8-BYTE-0xF8][NON-UTF-8-BYTE-0xE5][NON-UTF-8-BYTE-0xF9][NON-UTF-8-BYTE-0xEC][NON-UTF-8-BYTE-0xE9][NON-UTF-8-BYTE-0xED]</StartDateTime>
		<StartTestTime>1777750418</StartTestTime>
		<TestList/>
		<EndDateTime>May 02 22:33 [NON-UTF-8-BYTE-0xF9][NON-UTF-8-BYTE-0xF2][NON-UTF-8-BYTE-0xE5][NON-UTF-8-BYTE-0xEF] [NON-UTF-8-BYTE-0xF7][NON-UTF-8-BYTE-0xE9][NON-UTF-8-BYTE-0xF5] [NON-UTF-8-BYTE-0xE9][NON-UTF-8-BYTE-0xF8][NON-UTF-8-BYTE-0xE5][NON-UTF-8-BYTE-0xF9][NON-UTF-8-BYTE-0xEC][NON-UTF-8-BYTE-0xE9][NON-UTF-8-BYTE-0xED]</EndDateTime>
		<EndTestTime>1777750418</EndTestTime>
		<ElapsedMinutes>0</ElapsedMinutes>
	</Testing>
</Site>
